

Processing ApplicationController#index (for 127.0.0.1 at 2011-02-14 23:53:45) [GET]

ActionController::RoutingError (No route matches "/tobishogi" with {:method=>:get}):
  

Rendering rescues/layout (not_found)


Processing ApplicationController#index (for 127.0.0.1 at 2011-02-14 23:54:04) [GET]

ActionController::RoutingError (No route matches "/tobishogi/brain" with {:method=>:get}):
  

Rendering rescues/layout (not_found)


Processing BrainController#index (for 127.0.0.1 at 2011-02-14 23:54:21) [GET]
Rendering brain/index
Completed in 82ms (View: 63, DB: 0) | 200 OK [http://localhost/brain]


Processing ApplicationController#index (for 127.0.0.1 at 2011-02-14 23:56:01) [GET]

NameError (uninitialized constant BrainController):
  

Rendered rescues/_trace (81.9ms)
Rendered rescues/_request_and_response (2.4ms)
Rendering rescues/layout (internal_server_error)


Processing ApplicationController#index (for 127.0.0.1 at 2011-02-15 00:01:03) [GET]

ActionController::RoutingError (No route matches "/game" with {:method=>:get}):
  

Rendering rescues/layout (not_found)


Processing GameController#index (for 127.0.0.1 at 2011-02-15 00:01:16) [GET]
Rendering game/index
Completed in 17ms (View: 14, DB: 0) | 200 OK [http://localhost/game]


Processing GameController#index (for 127.0.0.1 at 2011-02-15 00:13:35) [GET]
Rendering game/index
Completed in 18ms (View: 14, DB: 0) | 200 OK [http://localhost/game]


Processing GameController#index (for 127.0.0.1 at 2011-02-15 00:14:27) [GET]
Rendering game/index
Completed in 16ms (View: 8, DB: 0) | 200 OK [http://localhost/game]


Processing GameController#index (for 127.0.0.1 at 2011-02-15 00:14:36) [GET]
Rendering game/index
Completed in 17ms (View: 10, DB: 0) | 200 OK [http://localhost/game]


Processing GameController#index (for 127.0.0.1 at 2011-02-15 00:15:08) [GET]
Rendering game/index
Completed in 12ms (View: 10, DB: 0) | 200 OK [http://localhost/game]


Processing GameController#index (for 127.0.0.1 at 2011-02-15 00:15:21) [GET]
Rendering game/index
Completed in 12ms (View: 8, DB: 0) | 200 OK [http://localhost/game]


Processing GameController#index (for 127.0.0.1 at 2011-02-15 00:15:41) [GET]
Rendering game/index
Completed in 37ms (View: 24, DB: 0) | 200 OK [http://localhost/game]


Processing GameController#index (for 127.0.0.1 at 2011-02-15 00:16:41) [GET]
Rendering game/index
Completed in 15ms (View: 10, DB: 0) | 200 OK [http://localhost/game]


Processing GameController#index (for 127.0.0.1 at 2011-02-15 00:17:34) [GET]
Rendering game/index
Completed in 17ms (View: 14, DB: 0) | 200 OK [http://localhost/game]


Processing GameController#index (for 127.0.0.1 at 2011-02-15 00:17:59) [GET]
Rendering game/index
Completed in 17ms (View: 9, DB: 0) | 200 OK [http://localhost/game]


Processing GameController#index (for 127.0.0.1 at 2011-02-15 00:18:40) [GET]
Rendering game/index
Completed in 20ms (View: 12, DB: 0) | 200 OK [http://localhost/game]


Processing GameController#index (for 127.0.0.1 at 2011-02-15 00:18:47) [GET]
Rendering game/index
Completed in 19ms (View: 16, DB: 0) | 200 OK [http://localhost/game]


Processing GameController#index (for 127.0.0.1 at 2011-02-15 00:19:31) [GET]
Rendering game/index
Completed in 19ms (View: 15, DB: 0) | 200 OK [http://localhost/game]


Processing GameController#index (for 127.0.0.1 at 2011-02-15 00:19:45) [GET]
Rendering game/index
Completed in 3ms (View: 1, DB: 0) | 200 OK [http://localhost/game]


Processing GameController#index (for 127.0.0.1 at 2011-02-15 00:19:50) [GET]
Rendering game/index
Completed in 14ms (View: 8, DB: 0) | 200 OK [http://localhost/game]


Processing GameController#index (for 127.0.0.1 at 2011-02-15 00:20:11) [GET]
Rendering game/index
Completed in 17ms (View: 10, DB: 0) | 200 OK [http://localhost/game]


Processing GameController#index (for 127.0.0.1 at 2011-02-15 00:20:27) [GET]
Rendering game/index
Completed in 12ms (View: 9, DB: 0) | 200 OK [http://localhost/game]


Processing GameController#index (for 127.0.0.1 at 2011-02-15 00:20:56) [GET]
Rendering game/index
Completed in 12ms (View: 9, DB: 0) | 200 OK [http://localhost/game]


Processing GameController#index (for 127.0.0.1 at 2011-02-15 00:21:46) [GET]
Rendering game/index
Completed in 11ms (View: 1, DB: 0) | 200 OK [http://localhost/game]


Processing GameController#index (for 127.0.0.1 at 2011-02-15 00:31:13) [GET]
Rendering game/index
ERROR: compiling _run_erb_app47views47game47index46html46erb RAISED compile error
/home/myokoym/code/railsapp/tobishogi/app/views/game/index.html.erb:14: syntax error, unexpected kENSURE, expecting kEND
/home/myokoym/code/railsapp/tobishogi/app/views/game/index.html.erb:16: syntax error, unexpected $end, expecting kEND
Function body:           def _run_erb_app47views47game47index46html46erb(local_assigns)
            old_output_buffer = output_buffer;;@output_buffer = '';  __in_erb_template=true ; @output_buffer.concat "<h1>TobiShogi</h1>\n<ul>\n- Board State -\n<table>\n"



;  @state.split(//).each_slice(3) do |line| ; @output_buffer.concat "\n<tr>\n"

;    line.each do |piece| ; @output_buffer.concat "\n<td>"
; @output_buffer.concat(( piece ).to_s); @output_buffer.concat "</td>\n</tr>\n</table>\n</ul>\n\n"




; @output_buffer
          ensure
            self.output_buffer = old_output_buffer
          end
Backtrace: /home/myokoym/code/railsapp/tobishogi/app/views/game/index.html.erb:16:in `compile!'
/usr/local/ruby187p330/lib/ruby/gems/1.8/gems/actionpack-2.3.11/lib/action_view/renderable.rb:61:in `compile'
/usr/local/ruby187p330/lib/ruby/gems/1.8/gems/actionpack-2.3.11/lib/action_view/renderable.rb:28:in `render'
/usr/local/ruby187p330/lib/ruby/gems/1.8/gems/actionpack-2.3.11/lib/action_view/template.rb:205:in `render_template'
/usr/local/ruby187p330/lib/ruby/gems/1.8/gems/actionpack-2.3.11/lib/action_view/base.rb:265:in `render'
/usr/local/ruby187p330/lib/ruby/gems/1.8/gems/actionpack-2.3.11/lib/action_controller/base.rb:1252:in `render_for_file'
/usr/local/ruby187p330/lib/ruby/gems/1.8/gems/actionpack-2.3.11/lib/action_controller/base.rb:936:in `render_without_benchmark'
/usr/local/ruby187p330/lib/ruby/gems/1.8/gems/actionpack-2.3.11/lib/action_controller/benchmarking.rb:51:in `render'
/usr/local/ruby187p330/lib/ruby/gems/1.8/gems/activesupport-2.3.11/lib/active_support/core_ext/benchmark.rb:17:in `ms'
/usr/local/ruby187p330/lib/ruby/1.8/benchmark.rb:308:in `realtime'
/usr/local/ruby187p330/lib/ruby/gems/1.8/gems/activesupport-2.3.11/lib/active_support/core_ext/benchmark.rb:17:in `ms'
/usr/local/ruby187p330/lib/ruby/gems/1.8/gems/actionpack-2.3.11/lib/action_controller/benchmarking.rb:51:in `render'
/usr/local/ruby187p330/lib/ruby/gems/1.8/gems/actionpack-2.3.11/lib/action_controller/base.rb:1328:in `default_render'
/usr/local/ruby187p330/lib/ruby/gems/1.8/gems/actionpack-2.3.11/lib/action_controller/base.rb:1334:in `perform_action_without_filters'
/usr/local/ruby187p330/lib/ruby/gems/1.8/gems/actionpack-2.3.11/lib/action_controller/filters.rb:617:in `call_filters'
/usr/local/ruby187p330/lib/ruby/gems/1.8/gems/actionpack-2.3.11/lib/action_controller/filters.rb:610:in `perform_action_without_benchmark'
/usr/local/ruby187p330/lib/ruby/gems/1.8/gems/actionpack-2.3.11/lib/action_controller/benchmarking.rb:68:in `perform_action_without_rescue'
/usr/local/ruby187p330/lib/ruby/gems/1.8/gems/activesupport-2.3.11/lib/active_support/core_ext/benchmark.rb:17:in `ms'
/usr/local/ruby187p330/lib/ruby/1.8/benchmark.rb:308:in `realtime'
/usr/local/ruby187p330/lib/ruby/gems/1.8/gems/activesupport-2.3.11/lib/active_support/core_ext/benchmark.rb:17:in `ms'
/usr/local/ruby187p330/lib/ruby/gems/1.8/gems/actionpack-2.3.11/lib/action_controller/benchmarking.rb:68:in `perform_action_without_rescue'
/usr/local/ruby187p330/lib/ruby/gems/1.8/gems/actionpack-2.3.11/lib/action_controller/rescue.rb:160:in `perform_action_without_flash'
/usr/local/ruby187p330/lib/ruby/gems/1.8/gems/actionpack-2.3.11/lib/action_controller/flash.rb:151:in `perform_action'
/usr/local/ruby187p330/lib/ruby/gems/1.8/gems/actionpack-2.3.11/lib/action_controller/base.rb:532:in `send'
/usr/local/ruby187p330/lib/ruby/gems/1.8/gems/actionpack-2.3.11/lib/action_controller/base.rb:532:in `process_without_filters'
/usr/local/ruby187p330/lib/ruby/gems/1.8/gems/actionpack-2.3.11/lib/action_controller/filters.rb:606:in `process'
/usr/local/ruby187p330/lib/ruby/gems/1.8/gems/actionpack-2.3.11/lib/action_controller/base.rb:391:in `process'
/usr/local/ruby187p330/lib/ruby/gems/1.8/gems/actionpack-2.3.11/lib/action_controller/base.rb:386:in `call'
/usr/local/ruby187p330/lib/ruby/gems/1.8/gems/actionpack-2.3.11/lib/action_controller/routing/route_set.rb:438:in `call'
/usr/local/ruby187p330/lib/ruby/gems/1.8/gems/actionpack-2.3.11/lib/action_controller/dispatcher.rb:87:in `dispatch'
/usr/local/ruby187p330/lib/ruby/gems/1.8/gems/actionpack-2.3.11/lib/action_controller/dispatcher.rb:121:in `_call'
/usr/local/ruby187p330/lib/ruby/gems/1.8/gems/actionpack-2.3.11/lib/action_controller/dispatcher.rb:130:in `build_middleware_stack'
/usr/local/ruby187p330/lib/ruby/gems/1.8/gems/activerecord-2.3.11/lib/active_record/query_cache.rb:29:in `call'
/usr/local/ruby187p330/lib/ruby/gems/1.8/gems/activerecord-2.3.11/lib/active_record/query_cache.rb:29:in `call'
/usr/local/ruby187p330/lib/ruby/gems/1.8/gems/activerecord-2.3.11/lib/active_record/connection_adapters/abstract/query_cache.rb:34:in `cache'
/usr/local/ruby187p330/lib/ruby/gems/1.8/gems/activerecord-2.3.11/lib/active_record/query_cache.rb:9:in `cache'
/usr/local/ruby187p330/lib/ruby/gems/1.8/gems/activerecord-2.3.11/lib/active_record/query_cache.rb:28:in `call'
/usr/local/ruby187p330/lib/ruby/gems/1.8/gems/activerecord-2.3.11/lib/active_record/connection_adapters/abstract/connection_pool.rb:361:in `call'
/usr/local/ruby187p330/lib/ruby/gems/1.8/gems/actionpack-2.3.11/lib/action_controller/string_coercion.rb:25:in `call'
/usr/local/ruby187p330/lib/ruby/gems/1.8/gems/rack-1.1.0/lib/rack/head.rb:9:in `call'
/usr/local/ruby187p330/lib/ruby/gems/1.8/gems/rack-1.1.0/lib/rack/methodoverride.rb:24:in `call'
/usr/local/ruby187p330/lib/ruby/gems/1.8/gems/actionpack-2.3.11/lib/action_controller/params_parser.rb:15:in `call'
/usr/local/ruby187p330/lib/ruby/gems/1.8/gems/actionpack-2.3.11/lib/action_controller/session/cookie_store.rb:99:in `call'
/usr/local/ruby187p330/lib/ruby/gems/1.8/gems/actionpack-2.3.11/lib/action_controller/failsafe.rb:26:in `call'
/usr/local/ruby187p330/lib/ruby/gems/1.8/gems/rack-1.1.0/lib/rack/lock.rb:11:in `call'
/usr/local/ruby187p330/lib/ruby/gems/1.8/gems/rack-1.1.0/lib/rack/lock.rb:11:in `synchronize'
/usr/local/ruby187p330/lib/ruby/gems/1.8/gems/rack-1.1.0/lib/rack/lock.rb:11:in `call'
/usr/local/ruby187p330/lib/ruby/gems/1.8/gems/actionpack-2.3.11/lib/action_controller/dispatcher.rb:114:in `call'
/usr/local/ruby187p330/lib/ruby/gems/1.8/gems/actionpack-2.3.11/lib/action_controller/reloader.rb:34:in `run'
/usr/local/ruby187p330/lib/ruby/gems/1.8/gems/actionpack-2.3.11/lib/action_controller/dispatcher.rb:108:in `call'
/usr/local/ruby187p330/lib/ruby/gems/1.8/gems/rails-2.3.11/lib/rails/rack/static.rb:31:in `call'
/usr/local/ruby187p330/lib/ruby/gems/1.8/gems/rack-1.1.0/lib/rack/urlmap.rb:47:in `call'
/usr/local/ruby187p330/lib/ruby/gems/1.8/gems/rack-1.1.0/lib/rack/urlmap.rb:41:in `each'
/usr/local/ruby187p330/lib/ruby/gems/1.8/gems/rack-1.1.0/lib/rack/urlmap.rb:41:in `call'
/usr/local/ruby187p330/lib/ruby/gems/1.8/gems/rails-2.3.11/lib/rails/rack/log_tailer.rb:17:in `call'
/usr/local/ruby187p330/lib/ruby/gems/1.8/gems/rack-1.1.0/lib/rack/content_length.rb:13:in `call'
/usr/local/ruby187p330/lib/ruby/gems/1.8/gems/rack-1.1.0/lib/rack/chunked.rb:15:in `call'
/usr/local/ruby187p330/lib/ruby/gems/1.8/gems/rack-1.1.0/lib/rack/handler/mongrel.rb:67:in `process'
/usr/local/ruby187p330/lib/ruby/gems/1.8/gems/mongrel-1.1.5/lib/mongrel.rb:159:in `process_client'
/usr/local/ruby187p330/lib/ruby/gems/1.8/gems/mongrel-1.1.5/lib/mongrel.rb:158:in `each'
/usr/local/ruby187p330/lib/ruby/gems/1.8/gems/mongrel-1.1.5/lib/mongrel.rb:158:in `process_client'
/usr/local/ruby187p330/lib/ruby/gems/1.8/gems/mongrel-1.1.5/lib/mongrel.rb:285:in `run'
/usr/local/ruby187p330/lib/ruby/gems/1.8/gems/mongrel-1.1.5/lib/mongrel.rb:285:in `initialize'
/usr/local/ruby187p330/lib/ruby/gems/1.8/gems/mongrel-1.1.5/lib/mongrel.rb:285:in `new'
/usr/local/ruby187p330/lib/ruby/gems/1.8/gems/mongrel-1.1.5/lib/mongrel.rb:285:in `run'
/usr/local/ruby187p330/lib/ruby/gems/1.8/gems/mongrel-1.1.5/lib/mongrel.rb:268:in `initialize'
/usr/local/ruby187p330/lib/ruby/gems/1.8/gems/mongrel-1.1.5/lib/mongrel.rb:268:in `new'
/usr/local/ruby187p330/lib/ruby/gems/1.8/gems/mongrel-1.1.5/lib/mongrel.rb:268:in `run'
/usr/local/ruby187p330/lib/ruby/gems/1.8/gems/rack-1.1.0/lib/rack/handler/mongrel.rb:38:in `run'
/usr/local/ruby187p330/lib/ruby/gems/1.8/gems/rails-2.3.11/lib/commands/server.rb:111
/usr/local/ruby187p330/lib/ruby/site_ruby/1.8/rubygems/custom_require.rb:31:in `gem_original_require'
/usr/local/ruby187p330/lib/ruby/site_ruby/1.8/rubygems/custom_require.rb:31:in `require'
script/server:3

ActionView::TemplateError (compile error
/home/myokoym/code/railsapp/tobishogi/app/views/game/index.html.erb:14: syntax error, unexpected kENSURE, expecting kEND
/home/myokoym/code/railsapp/tobishogi/app/views/game/index.html.erb:16: syntax error, unexpected $end, expecting kEND) on line #14 of app/views/game/index.html.erb:
11: </ul>

    app/views/game/index.html.erb:16:in `compile!'

Rendered rescues/_trace (229.1ms)
Rendered rescues/_request_and_response (2.5ms)
Rendering rescues/layout (internal_server_error)


Processing GameController#index (for 127.0.0.1 at 2011-02-15 00:31:50) [GET]
Rendering game/index
Completed in 25ms (View: 17, DB: 0) | 200 OK [http://localhost/game]


Processing GameController#index (for 127.0.0.1 at 2011-02-15 00:32:25) [GET]
Rendering game/index
Completed in 18ms (View: 8, DB: 0) | 200 OK [http://localhost/game]


Processing GameController#index (for 127.0.0.1 at 2011-02-15 00:32:41) [GET]
Rendering game/index
Completed in 17ms (View: 10, DB: 0) | 200 OK [http://localhost/game]


Processing GameController#index (for 127.0.0.1 at 2011-02-15 00:34:02) [GET]
Rendering game/index
Completed in 15ms (View: 10, DB: 0) | 200 OK [http://localhost/game]


Processing GameController#index (for 127.0.0.1 at 2011-02-15 00:34:54) [GET]
Rendering game/index
Completed in 18ms (View: 10, DB: 0) | 200 OK [http://localhost/game]


Processing GameController#index (for 127.0.0.1 at 2011-02-15 00:40:35) [GET]
Rendering game/index
Completed in 11ms (View: 8, DB: 0) | 200 OK [http://localhost/game]


Processing GameController#index (for 127.0.0.1 at 2011-02-15 00:44:00) [GET]
Rendering game/index
Completed in 4ms (View: 1, DB: 0) | 200 OK [http://localhost/game]


Processing GameController#move (for 127.0.0.1 at 2011-02-15 00:44:12) [GET]
  Parameters: {"state"=>"222000111"}

ActionView::MissingTemplate (Missing template game/move.erb in view path app/views):
  

Rendering rescues/layout (internal_server_error)


Processing GameController#move (for 127.0.0.1 at 2011-02-15 00:45:55) [GET]
  Parameters: {"state"=>"222000111"}

ActionView::MissingTemplate (Missing template game/move.erb in view path app/views):
  

Rendering rescues/layout (internal_server_error)


Processing GameController#index (for 127.0.0.1 at 2011-02-15 00:45:56) [GET]
Rendering game/index
Completed in 6ms (View: 1, DB: 0) | 200 OK [http://localhost/game]


Processing GameController#index (for 127.0.0.1 at 2011-02-15 00:46:11) [GET]
  Parameters: {"move?222000111"=>nil}
Rendering game/index
Completed in 26ms (View: 1, DB: 0) | 200 OK [http://localhost/game?move?222000111]


Processing GameController#index (for 127.0.0.1 at 2011-02-15 00:46:18) [GET]
  Parameters: {"move?222000111"=>nil}
Rendering game/index
Completed in 35ms (View: 14, DB: 0) | 200 OK [http://localhost/game?move?222000111]


Processing GameController#index (for 127.0.0.1 at 2011-02-15 00:46:52) [GET]
  Parameters: {"move?state"=>"222000111"}
Rendering game/index
Completed in 27ms (View: 12, DB: 0) | 200 OK [http://localhost/game?move?state=222000111]


Processing GameController#move (for 127.0.0.1 at 2011-02-15 00:47:39) [GET]
  Parameters: {"state"=>"222000111"}

ActionView::MissingTemplate (Missing template game/move.erb in view path app/views):
  

Rendering rescues/layout (internal_server_error)


Processing GameController#move (for 127.0.0.1 at 2011-02-15 00:48:07) [GET]
  Parameters: {"state"=>"222000111"}

ActionView::MissingTemplate (Missing template game/move.erb in view path app/views):
  

Rendering rescues/layout (internal_server_error)


Processing GameController#move (for 127.0.0.1 at 2011-02-15 00:48:51) [GET]
  Parameters: {"state"=>"222000111"}

ActionView::MissingTemplate (Missing template game/move.erb in view path app/views):
  

Rendering rescues/layout (internal_server_error)


Processing GameController#index (for 127.0.0.1 at 2011-02-15 00:54:08) [GET]
  Parameters: {"move?state"=>"222000111"}
Rendering game/index
Completed in 18ms (View: 15, DB: 0) | 200 OK [http://localhost/game?move?state=222000111]


Processing GameController#move (for 127.0.0.1 at 2011-02-15 00:54:14) [GET]
  Parameters: {"state"=>"222000111"}

ActionView::MissingTemplate (Missing template game/move.erb in view path app/views):
  

Rendering rescues/layout (internal_server_error)


Processing GameController#move (for 127.0.0.1 at 2011-02-15 01:03:38) [GET]
  Parameters: {"state"=>"222000111"}
Redirected to http://localhost:3000/game
Completed in 22ms (DB: 0) | 302 Found [http://localhost/game/move?state=222000111]


Processing GameController#index (for 127.0.0.1 at 2011-02-15 01:03:38) [GET]
Rendering game/index
Completed in 22ms (View: 20, DB: 0) | 200 OK [http://localhost/game]


Processing GameController#move (for 127.0.0.1 at 2011-02-15 01:06:06) [GET]
  Parameters: {"state"=>"222000111"}
Redirected to http://localhost:3000/game
Completed in 15ms (DB: 0) | 302 Found [http://localhost/game/move?state=222000111]


Processing GameController#index (for 127.0.0.1 at 2011-02-15 01:06:06) [GET]
Rendering game/index
Completed in 4ms (View: 1, DB: 0) | 200 OK [http://localhost/game]


Processing GameController#index (for 127.0.0.1 at 2011-02-15 01:08:06) [GET]
Rendering game/index
Completed in 7ms (View: 4, DB: 0) | 200 OK [http://localhost/game]


Processing GameController#move (for 127.0.0.1 at 2011-02-15 01:08:10) [GET]

NoMethodError (You have a nil object when you didn't expect it!
You might have expected an instance of Array.
The error occurred while evaluating nil.split):
  app/controllers/game_controller.rb:10:in `move'

Rendered rescues/_trace (252.9ms)
Rendered rescues/_request_and_response (18.4ms)
Rendering rescues/layout (internal_server_error)


Processing GameController#move (for 127.0.0.1 at 2011-02-15 01:08:33) [GET]
  Parameters: {"state"=>"222000111"}
Redirected to http://localhost:3000/game
Completed in 10ms (DB: 0) | 302 Found [http://localhost/game/move?state=222000111]


Processing GameController#index (for 127.0.0.1 at 2011-02-15 01:08:34) [GET]
Rendering game/index
Completed in 7ms (View: 2, DB: 0) | 200 OK [http://localhost/game]


Processing GameController#index (for 127.0.0.1 at 2011-02-15 01:09:02) [GET]
Rendering game/index
Completed in 7ms (View: 2, DB: 0) | 200 OK [http://localhost/game]


Processing GameController#move (for 127.0.0.1 at 2011-02-15 01:09:07) [GET]
  Parameters: {"state"=>"222000111"}
Redirected to http://localhost:3000/game
Completed in 21ms (DB: 0) | 302 Found [http://localhost/game/move?state=222000111]


Processing GameController#index (for 127.0.0.1 at 2011-02-15 01:09:07) [GET]
Rendering game/index
Completed in 24ms (View: 22, DB: 0) | 200 OK [http://localhost/game]


Processing GameController#move (for 127.0.0.1 at 2011-02-15 01:11:57) [GET]

NoMethodError (You have a nil object when you didn't expect it!
You might have expected an instance of Array.
The error occurred while evaluating nil.split):
  app/controllers/game_controller.rb:11:in `move'

Rendered rescues/_trace (256.2ms)
Rendered rescues/_request_and_response (0.4ms)
Rendering rescues/layout (internal_server_error)


Processing GameController#move (for 127.0.0.1 at 2011-02-15 01:12:15) [GET]

NoMethodError (You have a nil object when you didn't expect it!
You might have expected an instance of Array.
The error occurred while evaluating nil.split):
  app/controllers/game_controller.rb:11:in `move'

Rendered rescues/_trace (92.3ms)
Rendered rescues/_request_and_response (3.0ms)
Rendering rescues/layout (internal_server_error)


Processing GameController#move (for 127.0.0.1 at 2011-02-15 01:13:18) [GET]
Redirected to http://localhost:3000/game

NoMethodError (You have a nil object when you didn't expect it!
You might have expected an instance of Array.
The error occurred while evaluating nil.split):
  app/controllers/game_controller.rb:12:in `move'

Rendered rescues/_trace (99.2ms)
Rendered rescues/_request_and_response (1.3ms)
Rendering rescues/layout (internal_server_error)


Processing GameController#move (for 127.0.0.1 at 2011-02-15 01:13:22) [GET]
Redirected to http://localhost:3000/game

NoMethodError (You have a nil object when you didn't expect it!
You might have expected an instance of Array.
The error occurred while evaluating nil.split):
  app/controllers/game_controller.rb:12:in `move'

Rendered rescues/_trace (248.1ms)
Rendered rescues/_request_and_response (0.5ms)
Rendering rescues/layout (internal_server_error)


Processing GameController#move (for 127.0.0.1 at 2011-02-15 01:14:06) [GET]
Redirected to http://localhost:3000/game

NoMethodError (You have a nil object when you didn't expect it!
You might have expected an instance of Array.
The error occurred while evaluating nil.split):
  app/controllers/game_controller.rb:14:in `move'

Rendered rescues/_trace (109.2ms)
Rendered rescues/_request_and_response (1.7ms)
Rendering rescues/layout (internal_server_error)


Processing GameController#index (for 127.0.0.1 at 2011-02-15 01:14:21) [GET]
Rendering game/index
Completed in 46ms (View: 43, DB: 0) | 200 OK [http://localhost/game]


Processing GameController#move (for 127.0.0.1 at 2011-02-15 01:14:25) [GET]
Redirected to http://localhost:3000/game

NoMethodError (You have a nil object when you didn't expect it!
You might have expected an instance of Array.
The error occurred while evaluating nil.split):
  app/controllers/game_controller.rb:14:in `move'

Rendered rescues/_trace (242.6ms)
Rendered rescues/_request_and_response (8.8ms)
Rendering rescues/layout (internal_server_error)


Processing GameController#move (for 127.0.0.1 at 2011-02-15 01:14:45) [GET]
Redirected to http://localhost:3000/game

NoMethodError (You have a nil object when you didn't expect it!
You might have expected an instance of Array.
The error occurred while evaluating nil.split):
  app/controllers/game_controller.rb:14:in `move'

Rendered rescues/_trace (108.0ms)
Rendered rescues/_request_and_response (0.5ms)
Rendering rescues/layout (internal_server_error)


Processing GameController#move (for 127.0.0.1 at 2011-02-15 01:15:25) [GET]
Redirected to http://localhost:3000/game
Completed in 7ms (DB: 0) | 302 Found [http://localhost/game/move]


Processing GameController#index (for 127.0.0.1 at 2011-02-15 01:15:25) [GET]
Rendering game/index
Completed in 5ms (View: 1, DB: 0) | 200 OK [http://localhost/game]


Processing GameController#move (for 127.0.0.1 at 2011-02-15 01:15:30) [GET]
Redirected to http://localhost:3000/game
Completed in 5ms (DB: 0) | 302 Found [http://localhost/game/move]


Processing GameController#index (for 127.0.0.1 at 2011-02-15 01:15:31) [GET]
Rendering game/index
Completed in 5ms (View: 1, DB: 0) | 200 OK [http://localhost/game]


Processing GameController#move (for 127.0.0.1 at 2011-02-15 01:15:54) [GET]
  Parameters: {"state"=>"202021110"}
Redirected to http://localhost:3000/game
Completed in 23ms (DB: 0) | 302 Found [http://localhost/game/move?state=202021110]


Processing GameController#index (for 127.0.0.1 at 2011-02-15 01:15:54) [GET]
Rendering game/index
Completed in 5ms (View: 1, DB: 0) | 200 OK [http://localhost/game]


Processing GameController#move (for 127.0.0.1 at 2011-02-15 01:16:56) [GET]
  Parameters: {"state"=>"222000111"}
Redirected to http://localhost:3000/game
Completed in 17ms (DB: 0) | 302 Found [http://localhost/game/move?state=222000111]


Processing GameController#index (for 127.0.0.1 at 2011-02-15 01:16:56) [GET]
Rendering game/index
Completed in 13ms (View: 1, DB: 0) | 200 OK [http://localhost/game]


Processing GameController#index (for 127.0.0.1 at 2011-02-15 01:20:00) [GET]
Rendering game/index
Completed in 7ms (View: 1, DB: 0) | 200 OK [http://localhost/game]


Processing GameController#move (for 127.0.0.1 at 2011-02-15 01:20:07) [GET]
Redirected to http://localhost:3000/game
Completed in 13ms (DB: 0) | 302 Found [http://localhost/game/move]


Processing GameController#index (for 127.0.0.1 at 2011-02-15 01:20:07) [GET]
Rendering game/index
Completed in 12ms (View: 1, DB: 0) | 200 OK [http://localhost/game]


Processing GameController#move (for 127.0.0.1 at 2011-02-15 01:20:10) [GET]
  Parameters: {"state"=>"222000111"}
Rendering game/index
Completed in 4ms (View: 1, DB: 0) | 200 OK [http://localhost/game/move?state=222000111]


Processing GameController#move (for 127.0.0.1 at 2011-02-15 01:22:51) [GET]
  Parameters: {"state"=>"222000111"}
Rendering game/index
Completed in 20ms (View: 1, DB: 0) | 200 OK [http://localhost/game/move?state=222000111]


Processing GameController#move (for 127.0.0.1 at 2011-02-15 01:22:59) [GET]
  Parameters: {"state"=>"202021110"}
Rendering game/index
Completed in 11ms (View: 1, DB: 0) | 200 OK [http://localhost/game/move?state=202021110]


Processing GameController#move (for 127.0.0.1 at 2011-02-15 01:23:19) [GET]
  Parameters: {"state"=>"202021110a"}
Rendering game/index
Completed in 4ms (View: 1, DB: 0) | 200 OK [http://localhost/game/move?state=202021110a]


Processing GameController#move (for 127.0.0.1 at 2011-02-15 01:23:28) [GET]
Rendering game/index
Completed in 26ms (View: 23, DB: 0) | 200 OK [http://localhost/game/move]


Processing GameController#move (for 127.0.0.1 at 2011-02-15 01:25:04) [GET]
Rendering game/index

NoMethodError (You have a nil object when you didn't expect it!
You might have expected an instance of Array.
The error occurred while evaluating nil.split):
  app/controllers/game_controller.rb:12:in `move'

Rendered rescues/_trace (214.4ms)
Rendered rescues/_request_and_response (0.4ms)
Rendering rescues/layout (internal_server_error)


Processing GameController#move (for 127.0.0.1 at 2011-02-15 01:25:17) [GET]
Rendering game/index
Completed in 6ms (View: 2, DB: 0) | 200 OK [http://localhost/game/move]


Processing GameController#move (for 127.0.0.1 at 2011-02-15 01:26:40) [GET]
Rendering game/index
Completed in 15ms (View: 11, DB: 0) | 200 OK [http://localhost/game/move]


Processing GameController#move (for 127.0.0.1 at 2011-02-15 01:33:05) [GET]
  Parameters: {"state"=>"212001120"}
Rendering game/index
Completed in 30ms (View: 8, DB: 0) | 200 OK [http://localhost/game/move?state=212001120]


Processing GameController#move (for 127.0.0.1 at 2011-02-15 01:33:15) [GET]
  Parameters: {"state"=>"212101020"}
Rendering game/index

ActionView::TemplateError (private method `split' called for 8:Fixnum) on line #18 of app/views/game/index.html.erb:
15:   end
16: %>
17: <table border="1">
18: <% @state.split(//).each_slice(3) do |line| %>
19: <tr>
20: <%   line.each do |piece| %>
21: <td><%= who(piece) %></td>

    app/views/game/index.html.erb:18
    app/controllers/game_controller.rb:33:in `move'

Rendered rescues/_trace (270.7ms)
Rendered rescues/_request_and_response (0.5ms)
Rendering rescues/layout (internal_server_error)


Processing GameController#move (for 127.0.0.1 at 2011-02-15 01:34:27) [GET]
  Parameters: {"state"=>"212101020"}
Rendering game/index

ActionView::TemplateError (private method `split' called for 8:Fixnum) on line #18 of app/views/game/index.html.erb:
15:   end
16: %>
17: <table border="1">
18: <% @state.split(//).each_slice(3) do |line| %>
19: <tr>
20: <%   line.each do |piece| %>
21: <td><%= who(piece) %></td>

    app/views/game/index.html.erb:18
    app/controllers/game_controller.rb:34:in `move'

Rendered rescues/_trace (240.4ms)
Rendered rescues/_request_and_response (0.4ms)
Rendering rescues/layout (internal_server_error)


Processing GameController#move (for 127.0.0.1 at 2011-02-15 01:36:11) [GET]
  Parameters: {"state"=>"212101020"}
Rendering game/index
Completed in 9ms (View: 1, DB: 0) | 200 OK [http://localhost/game/move?state=212101020]


Processing GameController#move (for 127.0.0.1 at 2011-02-15 01:40:03) [GET]
  Parameters: {"status"=>"212101020"}
Rendering game/index
Completed in 7ms (View: 1, DB: 0) | 200 OK [http://localhost/game/move?status=212101020]


Processing GameController#index (for 127.0.0.1 at 2011-02-15 02:05:41) [GET]
Rendering game/index
Completed in 4ms (View: 1, DB: 0) | 200 OK [http://localhost/game]


Processing GameController#index (for 127.0.0.1 at 2011-02-15 02:05:53) [GET]
Rendering game/index
Completed in 4ms (View: 1, DB: 0) | 200 OK [http://localhost/game]


Processing GameController#index (for 127.0.0.1 at 2011-02-15 02:08:36) [GET]
Rendering game/index
Completed in 16ms (View: 10, DB: 0) | 200 OK [http://localhost/game]


Processing GameController#move (for 127.0.0.1 at 2011-02-15 02:08:53) [GET]
  Parameters: {"state"=>"222000111"}
Rendering game/index
Completed in 14ms (View: 11, DB: 0) | 200 OK [http://localhost/game/move?state=222000111]


Processing GameController#move (for 127.0.0.1 at 2011-02-15 02:09:18) [GET]
  Parameters: {"state"=>"222000111"}
Rendering game/index
Completed in 14ms (View: 11, DB: 0) | 200 OK [http://localhost/game/move?state=222000111]


Processing GameController#index (for 127.0.0.1 at 2011-02-15 02:09:24) [GET]
Rendering game/index
Completed in 17ms (View: 14, DB: 0) | 200 OK [http://localhost/game]


Processing GameController#index (for 127.0.0.1 at 2011-02-15 02:09:59) [GET]
Rendering game/index
Completed in 54ms (View: 52, DB: 0) | 200 OK [http://localhost/game]


Processing GameController#index (for 127.0.0.1 at 2011-02-15 02:11:05) [GET]
Rendering game/index
Completed in 13ms (View: 4, DB: 0) | 200 OK [http://localhost/game]


Processing GameController#index (for 127.0.0.1 at 2011-02-15 02:11:57) [GET]
Rendering game/index
Completed in 27ms (View: 24, DB: 0) | 200 OK [http://localhost/game]


Processing GameController#index (for 127.0.0.1 at 2011-02-15 02:12:30) [GET]
Rendering game/index
Completed in 29ms (View: 27, DB: 0) | 200 OK [http://localhost/game]


Processing GameController#index (for 127.0.0.1 at 2011-02-15 02:12:45) [GET]
Rendering game/index
Completed in 19ms (View: 10, DB: 0) | 200 OK [http://localhost/game]


Processing GameController#index (for 127.0.0.1 at 2011-02-15 02:13:26) [GET]
Rendering game/index
Completed in 23ms (View: 14, DB: 0) | 200 OK [http://localhost/game]


Processing GameController#index (for 127.0.0.1 at 2011-02-15 02:15:05) [GET]
Rendering game/index
Completed in 19ms (View: 11, DB: 0) | 200 OK [http://localhost/game]


Processing GameController#move (for 127.0.0.1 at 2011-02-15 02:15:10) [GET]
  Parameters: {"state"=>"222000111"}
Rendering game/index
Completed in 23ms (View: 20, DB: 0) | 200 OK [http://localhost/game/move?state=222000111]


Processing GameController#move (for 127.0.0.1 at 2011-02-15 02:15:27) [GET]
  Parameters: {"state"=>"222000111"}
Rendering game/index
Completed in 19ms (View: 16, DB: 0) | 200 OK [http://localhost/game/move?state=222000111]


Processing GameController#move (for 127.0.0.1 at 2011-02-15 02:15:45) [GET]
  Parameters: {"state"=>"222000111"}
Rendering game/index
Completed in 23ms (View: 15, DB: 0) | 200 OK [http://localhost/game/move?state=222000111]


Processing GameController#move (for 127.0.0.1 at 2011-02-16 00:08:06) [GET]
  Parameters: {"state"=>"222000111"}
Rendering game/index
Completed in 128ms (View: 125, DB: 0) | 200 OK [http://localhost/game/move?state=222000111]


Processing GameController#index (for 127.0.0.1 at 2011-02-16 00:08:13) [GET]
Rendering game/index
Completed in 17ms (View: 14, DB: 0) | 200 OK [http://localhost/game/]


Processing GameController#index (for 127.0.0.1 at 2011-02-16 00:10:33) [GET]
Rendering game/index
Completed in 12ms (View: 10, DB: 0) | 200 OK [http://localhost/game/]


Processing GameController#move (for 127.0.0.1 at 2011-02-16 00:10:40) [GET]
  Parameters: {"state"=>"222000111"}
Rendering game/index
Completed in 8ms (View: 1, DB: 0) | 200 OK [http://localhost/game/move?state=222000111]


Processing GameController#move (for 127.0.0.1 at 2011-02-16 00:12:29) [GET]
  Parameters: {"state"=>"222000111"}

NameError (undefined local variable or method `request_url' for #<GameController:0xb6e426fc>):
  app/controllers/game_controller.rb:20:in `render'
  app/controllers/game_controller.rb:15:in `move'

Rendered rescues/_trace (78.6ms)
Rendered rescues/_request_and_response (16.7ms)
Rendering rescues/layout (internal_server_error)


Processing GameController#move (for 127.0.0.1 at 2011-02-16 00:13:16) [GET]
  Parameters: {"state"=>"222000111"}

NoMethodError (undefined method `request_url' for #<ActionController::Request:0xb6d68fd8>):
  app/controllers/game_controller.rb:20:in `render'
  app/controllers/game_controller.rb:15:in `move'

Rendered rescues/_trace (193.8ms)
Rendered rescues/_request_and_response (0.5ms)
Rendering rescues/layout (internal_server_error)


Processing GameController#move (for 127.0.0.1 at 2011-02-16 00:13:47) [GET]
  Parameters: {"state"=>"222000111"}

ArgumentError (wrong number of arguments (1 for 0)):
  app/controllers/game_controller.rb:21:in `render'
  app/controllers/game_controller.rb:21:in `render'
  app/controllers/game_controller.rb:15:in `move'

Rendered rescues/_trace (77.9ms)
Rendered rescues/_request_and_response (0.5ms)
Rendering rescues/layout (internal_server_error)


Processing GameController#move (for 127.0.0.1 at 2011-02-16 00:14:51) [GET]
  Parameters: {"state"=>"222000111"}
Rendering game/index
Completed in 4ms (View: 1, DB: 0) | 200 OK [http://localhost/game/move?state=222000111]


Processing GameController#move (for 127.0.0.1 at 2011-02-16 00:15:29) [GET]
  Parameters: {"state"=>"222000111"}
Rendering game/index
Completed in 23ms (View: 21, DB: 0) | 200 OK [http://localhost/game/move?state=222000111]


Processing GameController#move (for 127.0.0.1 at 2011-02-16 00:16:13) [GET]
  Parameters: {"state"=>"222000111"}
Rendering game/index
Completed in 4ms (View: 1, DB: 0) | 200 OK [http://localhost/game/move?state=222000111]


Processing GameController#move (for 127.0.0.1 at 2011-02-16 00:17:25) [GET]
  Parameters: {"state"=>"222000111"}
Rendering game/index
Completed in 12ms (View: 10, DB: 0) | 200 OK [http://localhost/game/move?state=222000111]


Processing GameController#move (for 127.0.0.1 at 2011-02-16 00:22:39) [GET]
  Parameters: {"state"=>"222000111"}
Rendering game/index
Completed in 14ms (View: 9, DB: 0) | 200 OK [http://localhost/game/move?state=222000111]


Processing GameController#move (for 127.0.0.1 at 2011-02-16 00:25:25) [GET]
  Parameters: {"state"=>"222000111"}
Rendering game/index
Completed in 25ms (View: 22, DB: 0) | 200 OK [http://localhost/game/move?state=222000111]


Processing GameController#move (for 127.0.0.1 at 2011-02-16 00:25:49) [GET]
  Parameters: {"state"=>"222000111"}
Rendering game/index
Completed in 14ms (View: 12, DB: 0) | 200 OK [http://localhost/game/move?state=222000111]


Processing GameController#move (for 127.0.0.1 at 2011-02-16 00:26:42) [GET]
  Parameters: {"state"=>"222000111"}
Rendering game/index
Completed in 7ms (View: 1, DB: 0) | 200 OK [http://localhost/game/move?state=222000111]


Processing GameController#move (for 127.0.0.1 at 2011-02-16 00:26:43) [GET]
  Parameters: {"state"=>"222000111"}
Rendering game/index
Completed in 4ms (View: 1, DB: 0) | 200 OK [http://localhost/game/move?state=222000111]


Processing GameController#move (for 127.0.0.1 at 2011-02-16 00:27:29) [GET]
  Parameters: {"state"=>"222000111"}
Rendering game/index
Completed in 45ms (View: 43, DB: 0) | 200 OK [http://localhost/game/move?state=222000111]


Processing GameController#move (for 127.0.0.1 at 2011-02-16 00:30:59) [GET]
  Parameters: {"state"=>"222000111"}
Rendering game/index
Completed in 16ms (View: 11, DB: 0) | 200 OK [http://localhost/game/move?state=222000111]


Processing GameController#move (for 127.0.0.1 at 2011-02-16 00:41:13) [GET]
  Parameters: {"state"=>"222000111"}
Rendering game/index
Completed in 9ms (View: 1, DB: 0) | 200 OK [http://localhost/game/move?state=222000111]


Processing GameController#move (for 127.0.0.1 at 2011-02-16 00:42:50) [GET]
  Parameters: {"state"=>"222000111"}
Rendering game/index
Completed in 9ms (View: 1, DB: 0) | 200 OK [http://localhost/game/move?state=222000111]


Processing GameController#move (for 127.0.0.1 at 2011-02-16 00:43:36) [GET]
  Parameters: {"state"=>"222000111"}
Rendering game/index
Completed in 9ms (View: 1, DB: 0) | 200 OK [http://localhost/game/move?state=222000111]


Processing GameController#move (for 127.0.0.1 at 2011-02-16 00:46:49) [GET]
  Parameters: {"state"=>"222000111"}
Rendering game/index
Completed in 10ms (View: 1, DB: 0) | 200 OK [http://localhost/game/move?state=222000111]


Processing GameController#move (for 127.0.0.1 at 2011-02-16 00:50:47) [GET]
  Parameters: {"state"=>"222000111"}
Rendering game/index
Completed in 3ms (View: 1, DB: 0) | 200 OK [http://localhost/game/move?state=222000111]


Processing GameController#move (for 127.0.0.1 at 2011-02-16 00:50:54) [GET]
  Parameters: {"state"=>"222001110"}
Rendering game/index
Completed in 8ms (View: 1, DB: 0) | 200 OK [http://localhost/game/move?state=222001110]


Processing GameController#move (for 127.0.0.1 at 2011-02-16 00:51:00) [GET]
Rendering game/index
Completed in 20ms (View: 17, DB: 0) | 200 OK [http://localhost/game/move]


Processing GameController#index (for 127.0.0.1 at 2011-02-16 00:51:05) [GET]
Rendering game/index
Completed in 18ms (View: 16, DB: 0) | 200 OK [http://localhost/game]


Processing GameController#index (for 127.0.0.1 at 2011-02-17 00:11:26) [GET]
Rendering template within layouts/application
Rendering game/index
Completed in 131ms (View: 128, DB: 0) | 200 OK [http://localhost/game]


Processing GameController#index (for 127.0.0.1 at 2011-02-17 00:12:21) [GET]
Rendering template within layouts/application
Rendering game/index
Completed in 16ms (View: 13, DB: 0) | 200 OK [http://localhost/game]


Processing GetController#index (for 127.0.0.1 at 2011-02-17 00:27:20) [GET]
Rendering template within layouts/application
Rendering get/index
Completed in 30ms (View: 27, DB: 0) | 200 OK [http://localhost/get]


Processing GetController#index (for 127.0.0.1 at 2011-02-17 00:32:58) [GET]
Rendering template within layouts/application
Rendering get/index
Completed in 4ms (View: 1, DB: 0) | 200 OK [http://localhost/get]


Processing GetController#move (for 127.0.0.1 at 2011-02-17 00:33:03) [GET]
Rendering template within layouts/application
Rendering get/index
Completed in 16ms (View: 13, DB: 0) | 200 OK [http://localhost/get/move]


Processing GetController#move (for 127.0.0.1 at 2011-02-17 00:33:15) [GET]
  Parameters: {"state"=>""}
Rendering template within layouts/application
Rendering get/index
Completed in 20ms (View: 1, DB: 0) | 200 OK [http://localhost/get/move?state=]


Processing GetController#move (for 127.0.0.1 at 2011-02-17 00:33:21) [GET]
  Parameters: {"state"=>"111000000000222"}
Rendering template within layouts/application
Rendering get/index
Completed in 15ms (View: 13, DB: 0) | 200 OK [http://localhost/get/move?state=111000000000222]


Processing GetController#move (for 127.0.0.1 at 2011-02-17 00:33:30) [GET]
  Parameters: {"state"=>"222000000000111"}
Rendering template within layouts/application
Rendering get/index
Completed in 14ms (View: 2, DB: 0) | 200 OK [http://localhost/get/move?state=222000000000111]


Processing GetController#move (for 127.0.0.1 at 2011-02-17 00:40:53) [GET]
  Parameters: {"state"=>"022000000200111"}
Rendering template within layouts/application
Rendering get/index
Completed in 29ms (View: 26, DB: 0) | 200 OK [http://localhost/get/move?state=022000000200111]


Processing GetController#move (for 127.0.0.1 at 2011-02-17 00:41:10) [GET]
  Parameters: {"state"=>"02200000200111"}
Rendering template within layouts/application
Rendering get/index
Completed in 19ms (View: 2, DB: 0) | 200 OK [http://localhost/get/move?state=02200000200111]


Processing GetController#move (for 127.0.0.1 at 2011-02-17 00:41:17) [GET]
  Parameters: {"state"=>"022000000200111"}
Rendering template within layouts/application
Rendering get/index
Completed in 23ms (View: 2, DB: 0) | 200 OK [http://localhost/get/move?state=022000000200111]


Processing GetController#move (for 127.0.0.1 at 2011-02-17 00:43:03) [GET]
  Parameters: {"state"=>"022000000200111"}
Rendering template within layouts/application
Rendering get/index
Completed in 4ms (View: 1, DB: 0) | 200 OK [http://localhost/get/move?state=022000000200111]


Processing GetController#move (for 127.0.0.1 at 2011-02-17 00:43:12) [GET]
  Parameters: {"state"=>"022000000200000111"}
Rendering template within layouts/application
Rendering get/index
Completed in 24ms (View: 2, DB: 0) | 200 OK [http://localhost/get/move?state=022000000200000111]


Processing GetController#move (for 127.0.0.1 at 2011-02-17 00:45:30) [GET]
  Parameters: {"state"=>"022000000200100011"}
Rendering template within layouts/application
Rendering get/index
Completed in 4ms (View: 2, DB: 0) | 200 OK [http://localhost/get/move?state=022000000200100011]


Processing GetController#index (for 127.0.0.1 at 2011-02-17 00:51:52) [GET]
Rendering template within layouts/application
Rendering get/index
Completed in 212ms (View: 7, DB: 0) | 200 OK [http://localhost/get]


Processing GameController#index (for 127.0.0.1 at 2011-02-17 00:52:02) [GET]
Rendering template within layouts/application
Rendering game/index
Completed in 50ms (View: 26, DB: 0) | 200 OK [http://localhost/game]


Processing GameController#index (for 127.0.0.1 at 2011-02-17 00:54:46) [GET]
Rendering template within layouts/application
Rendering game/index
Completed in 4ms (View: 1, DB: 0) | 200 OK [http://localhost/game]


Processing GetController#index (for 127.0.0.1 at 2011-02-17 00:54:50) [GET]
Rendering template within layouts/application
Rendering get/index
Completed in 4ms (View: 1, DB: 0) | 200 OK [http://localhost/get]
